TN:
SF:src\services\store.ts
FN:25,useDispatch
FNF:1
FNH:0
FNDA:0,useDispatch
DA:1,1
DA:2,1
DA:3,1
DA:4,1
DA:5,1
DA:6,1
DA:7,1
DA:8,1
DA:9,1
DA:10,1
DA:11,1
DA:12,1
DA:13,1
DA:14,1
DA:15,1
DA:16,1
DA:17,1
DA:18,1
DA:19,1
DA:20,1
DA:21,1
DA:22,1
DA:23,1
DA:24,1
DA:25,1
DA:26,1
DA:27,1
DA:28,1
LF:28
LH:28
BRF:0
BRH:0
end_of_record
TN:
SF:src\slices\burger-constructor-slice.ts
FN:16,createConstructorIngredient
FN:35,setBurgerBun
FN:44,resetBurgerBun
FN:47,addTopping
FN:55,setSauce
FN:65,removeTopping
FN:68,clearConstructor
FN:71,reorderToppingUp
FN:79,reorderToppingDown
FN:88,extraReducers
FN:103,getIngredientsLoadingState
FN:105,getAllComponents
FN:106,getConstructorElements
FNF:13
FNH:8
FNDA:8,createConstructorIngredient
FNDA:1,setBurgerBun
FNDA:0,resetBurgerBun
FNDA:4,addTopping
FNDA:3,setSauce
FNDA:1,removeTopping
FNDA:0,clearConstructor
FNDA:1,reorderToppingUp
FNDA:1,reorderToppingDown
FNDA:2,extraReducers
FNDA:0,getIngredientsLoadingState
FNDA:0,getAllComponents
FNDA:0,getConstructorElements
DA:1,1
DA:2,1
DA:3,1
DA:4,1
DA:5,1
DA:6,1
DA:7,1
DA:8,1
DA:9,1
DA:10,1
DA:11,1
DA:12,1
DA:13,1
DA:14,1
DA:15,1
DA:16,1
DA:17,8
DA:18,8
DA:19,1
DA:20,1
DA:21,1
DA:22,1
DA:23,1
DA:24,1
DA:25,1
DA:26,1
DA:27,1
DA:28,1
DA:29,1
DA:30,1
DA:31,1
DA:32,1
DA:33,1
DA:34,1
DA:35,1
DA:36,1
DA:37,1
DA:38,1
DA:39,1
DA:40,1
DA:41,1
DA:42,1
DA:43,1
DA:44,1
DA:45,0
DA:46,1
DA:47,1
DA:48,4
DA:49,4
DA:50,4
DA:51,4
DA:52,4
DA:53,4
DA:54,1
DA:55,1
DA:56,3
DA:57,3
DA:58,3
DA:59,3
DA:60,3
DA:61,3
DA:62,3
DA:63,3
DA:64,1
DA:65,1
DA:66,1
DA:67,1
DA:68,1
DA:69,0
DA:70,1
DA:71,1
DA:72,1
DA:73,1
DA:74,1
DA:75,1
DA:76,1
DA:77,1
DA:78,1
DA:79,1
DA:80,1
DA:81,1
DA:82,1
DA:83,1
DA:84,1
DA:85,1
DA:86,1
DA:87,1
DA:88,1
DA:89,2
DA:90,2
DA:91,2
DA:92,2
DA:93,1
DA:94,1
DA:95,2
DA:96,2
DA:97,1
DA:98,1
DA:99,2
DA:100,2
DA:101,1
DA:102,1
DA:103,1
DA:104,0
DA:105,1
DA:106,1
DA:107,0
DA:108,1
DA:109,1
DA:110,1
DA:111,1
DA:112,1
DA:113,1
DA:114,1
DA:115,1
DA:116,1
DA:117,1
DA:118,1
DA:119,1
DA:120,1
LF:120
LH:116
BRDA:12,0,0,2
BRDA:12,1,0,2
BRDA:12,2,0,2
BRDA:16,3,0,8
BRDA:35,4,0,1
BRDA:47,5,0,4
BRDA:55,6,0,3
BRDA:65,7,0,1
BRDA:71,8,0,1
BRDA:79,9,0,1
BRDA:88,10,0,2
BRDA:89,11,0,2
BRDA:92,12,0,1
BRDA:94,13,0,0
BRDA:94,14,0,0
BRDA:96,15,0,1
BRF:16
BRH:14
end_of_record
TN:
SF:src\slices\orders-config-slice.ts
FN:40,handleError
FN:45,setIsFetching
FN:50,setIsOrderProcessing
FN:58,resetOrderState
FN:61,stopOrderLoading
FN:65,extraReducers
FN:117,getOrdersList
FN:118,getOrderNumber
FN:119,getOrderLoadingStatus
FN:121,getSuccessfulOrder
FN:123,getIsOrderSuccessful
FN:125,getFeedResponse
FN:126,getOrdersLoadingState
FN:128,getOrderErrorMessage
FNF:14
FNH:4
FNDA:3,handleError
FNDA:8,setIsFetching
FNDA:4,setIsOrderProcessing
FNDA:0,resetOrderState
FNDA:0,stopOrderLoading
FNDA:2,extraReducers
FNDA:0,getOrdersList
FNDA:0,getOrderNumber
FNDA:0,getOrderLoadingStatus
FNDA:0,getSuccessfulOrder
FNDA:0,getIsOrderSuccessful
FNDA:0,getFeedResponse
FNDA:0,getOrdersLoadingState
FNDA:0,getOrderErrorMessage
DA:1,1
DA:2,1
DA:3,1
DA:4,1
DA:5,1
DA:6,1
DA:7,1
DA:8,1
DA:9,1
DA:10,1
DA:11,1
DA:12,1
DA:13,1
DA:14,1
DA:15,1
DA:16,1
DA:17,1
DA:18,1
DA:19,1
DA:20,1
DA:21,1
DA:22,1
DA:23,1
DA:24,1
DA:25,1
DA:26,1
DA:27,1
DA:28,1
DA:29,1
DA:30,1
DA:31,1
DA:32,1
DA:33,1
DA:34,1
DA:35,1
DA:36,1
DA:37,1
DA:38,1
DA:39,1
DA:40,1
DA:41,3
DA:42,3
DA:43,1
DA:44,1
DA:45,1
DA:46,8
DA:47,8
DA:48,1
DA:49,1
DA:50,1
DA:51,4
DA:52,4
DA:53,1
DA:54,1
DA:55,1
DA:56,1
DA:57,1
DA:58,1
DA:59,0
DA:60,1
DA:61,1
DA:62,0
DA:63,0
DA:64,1
DA:65,1
DA:66,2
DA:67,2
DA:68,2
DA:69,2
DA:70,1
DA:71,1
DA:72,2
DA:73,2
DA:74,1
DA:75,1
DA:76,2
DA:77,2
DA:78,2
DA:79,2
DA:80,2
DA:81,1
DA:82,1
DA:83,2
DA:84,2
DA:85,1
DA:86,1
DA:87,2
DA:88,2
DA:89,2
DA:90,2
DA:91,2
DA:92,2
DA:93,1
DA:94,1
DA:95,1
DA:96,2
DA:97,2
DA:98,1
DA:99,1
DA:100,1
DA:101,2
DA:102,2
DA:103,0
DA:104,0
DA:105,2
DA:106,2
DA:107,0
DA:108,0
DA:109,2
DA:110,2
DA:111,0
DA:112,0
DA:113,2
DA:114,2
DA:115,1
DA:116,1
DA:117,1
DA:118,1
DA:119,1
DA:120,0
DA:121,1
DA:122,0
DA:123,1
DA:124,0
DA:125,1
DA:126,1
DA:127,0
DA:128,1
DA:129,0
DA:130,1
DA:131,1
LF:131
LH:117
BRDA:40,0,0,3
BRDA:41,1,0,0
BRDA:41,2,0,0
BRDA:45,3,0,8
BRDA:50,4,0,4
BRDA:65,5,0,2
BRDA:66,6,0,2
BRDA:69,7,0,1
BRDA:73,8,0,1
BRDA:77,9,0,2
BRDA:80,10,0,1
BRDA:84,11,0,1
BRDA:88,12,0,2
BRDA:92,13,0,1
BRDA:97,14,0,1
BRF:15
BRH:13
end_of_record
TN:
SF:src\slices\user-auth-slice.ts
FN:81,init
FN:85,extraReducers
FN:86,handlePending
FN:91,handleRejected
FN:96,handleFulfilledWithAuth
FN:104,handleFulfilledWithoutAuth
FN:150,getUser
FN:151,getUserError
FN:152,isUserLoading
FN:153,isLoggedIn
FNF:10
FNH:4
FNDA:0,init
FNDA:2,extraReducers
FNDA:6,handlePending
FNDA:3,handleRejected
FNDA:3,handleFulfilledWithAuth
FNDA:0,handleFulfilledWithoutAuth
FNDA:0,getUser
FNDA:0,getUserError
FNDA:0,isUserLoading
FNDA:0,isLoggedIn
DA:1,1
DA:2,1
DA:3,1
DA:4,1
DA:5,1
DA:6,1
DA:7,1
DA:8,1
DA:9,1
DA:10,1
DA:11,1
DA:12,1
DA:13,1
DA:14,1
DA:15,1
DA:16,1
DA:17,1
DA:18,1
DA:19,1
DA:20,2
DA:21,2
DA:22,1
DA:23,1
DA:24,1
DA:25,1
DA:26,0
DA:27,2
DA:28,1
DA:29,1
DA:30,1
DA:31,1
DA:32,1
DA:33,2
DA:34,2
DA:35,1
DA:36,1
DA:37,1
DA:38,1
DA:39,0
DA:40,2
DA:41,1
DA:42,1
DA:43,1
DA:44,1
DA:45,1
DA:46,1
DA:47,1
DA:48,1
DA:49,1
DA:50,1
DA:51,1
DA:52,1
DA:53,1
DA:54,1
DA:55,1
DA:56,1
DA:57,1
DA:58,1
DA:59,1
DA:60,1
DA:61,1
DA:62,1
DA:63,1
DA:64,1
DA:65,1
DA:66,1
DA:67,1
DA:68,1
DA:69,1
DA:70,1
DA:71,1
DA:72,1
DA:73,1
DA:74,1
DA:75,1
DA:76,1
DA:77,1
DA:78,1
DA:79,1
DA:80,1
DA:81,1
DA:82,0
DA:83,0
DA:84,1
DA:85,1
DA:86,2
DA:87,6
DA:88,6
DA:89,2
DA:90,2
DA:91,2
DA:92,3
DA:93,3
DA:94,2
DA:95,2
DA:96,2
DA:97,3
DA:98,3
DA:99,3
DA:100,3
DA:101,3
DA:102,2
DA:103,2
DA:104,2
DA:105,0
DA:106,0
DA:107,2
DA:108,2
DA:109,2
DA:110,2
DA:111,2
DA:112,2
DA:113,2
DA:114,2
DA:115,2
DA:116,2
DA:117,2
DA:118,2
DA:119,2
DA:120,2
DA:121,2
DA:122,2
DA:123,2
DA:124,2
DA:125,2
DA:126,0
DA:127,0
DA:128,2
DA:129,2
DA:130,2
DA:131,2
DA:132,2
DA:133,2
DA:134,2
DA:135,2
DA:136,2
DA:137,2
DA:138,2
DA:139,2
DA:140,2
DA:141,2
DA:142,1
DA:143,1
DA:144,1
DA:145,2
DA:146,2
DA:147,1
DA:148,1
DA:149,1
DA:150,1
DA:151,1
DA:152,1
DA:153,1
DA:154,1
LF:154
LH:146
BRDA:19,0,0,2
BRDA:19,1,0,2
BRDA:20,2,0,2
BRDA:21,3,0,1
BRDA:26,4,0,0
BRDA:32,5,0,2
BRDA:32,6,0,2
BRDA:33,7,0,2
BRDA:34,8,0,1
BRDA:39,9,0,0
BRDA:60,10,0,1
BRDA:60,11,0,1
BRDA:61,12,0,1
BRDA:85,13,0,2
BRDA:86,14,0,6
BRDA:91,15,0,3
BRDA:93,16,0,0
BRDA:93,17,0,0
BRDA:96,18,0,3
BRDA:100,19,0,0
BRDA:100,20,0,0
BRDA:141,21,0,1
BRF:22
BRH:16
end_of_record
TN:
SF:src\utils\burger-api.ts
FN:6,checkResponse
FN:18,refreshToken
FN:38,fetchWithRefresh
FN:74,getIngredientsApi
FN:82,getFeedsApi
FN:90,getOrdersApi
FN:107,orderBurgerApi
FN:126,getOrderByNumberApi
FN:146,registerUserApi
FN:165,loginUserApi
FN:179,forgotPasswordApi
FN:193,resetPasswordApi
FN:209,getUserApi
FN:216,updateUserApi
FN:226,logoutApi
FNF:15
FNH:2
FNDA:2,checkResponse
FNDA:0,refreshToken
FNDA:0,fetchWithRefresh
FNDA:2,getIngredientsApi
FNDA:0,getFeedsApi
FNDA:0,getOrdersApi
FNDA:0,orderBurgerApi
FNDA:0,getOrderByNumberApi
FNDA:0,registerUserApi
FNDA:0,loginUserApi
FNDA:0,forgotPasswordApi
FNDA:0,resetPasswordApi
FNDA:0,getUserApi
FNDA:0,updateUserApi
FNDA:0,logoutApi
DA:1,1
DA:2,1
DA:3,1
DA:4,1
DA:5,1
DA:6,1
DA:7,2
DA:8,1
DA:9,1
DA:10,1
DA:11,1
DA:12,1
DA:13,1
DA:14,1
DA:15,1
DA:16,1
DA:17,1
DA:18,1
DA:19,0
DA:20,0
DA:21,0
DA:22,0
DA:23,0
DA:24,0
DA:25,0
DA:26,0
DA:27,0
DA:28,0
DA:29,0
DA:30,0
DA:31,0
DA:32,0
DA:33,0
DA:34,0
DA:35,0
DA:36,0
DA:37,1
DA:38,1
DA:39,0
DA:40,0
DA:41,0
DA:42,0
DA:43,0
DA:44,0
DA:45,0
DA:46,0
DA:47,0
DA:48,0
DA:49,0
DA:50,0
DA:51,0
DA:52,0
DA:53,0
DA:54,0
DA:55,0
DA:56,0
DA:57,0
DA:58,0
DA:59,1
DA:60,1
DA:61,1
DA:62,1
DA:63,1
DA:64,1
DA:65,1
DA:66,1
DA:67,1
DA:68,1
DA:69,1
DA:70,1
DA:71,1
DA:72,1
DA:73,1
DA:74,1
DA:75,2
DA:76,2
DA:77,2
DA:78,1
DA:79,0
DA:80,2
DA:81,1
DA:82,1
DA:83,0
DA:84,0
DA:85,0
DA:86,0
DA:87,0
DA:88,0
DA:89,1
DA:90,1
DA:91,0
DA:92,0
DA:93,0
DA:94,0
DA:95,0
DA:96,0
DA:97,0
DA:98,0
DA:99,0
DA:100,0
DA:101,1
DA:102,1
DA:103,1
DA:104,1
DA:105,1
DA:106,1
DA:107,1
DA:108,0
DA:109,0
DA:110,0
DA:111,0
DA:112,0
DA:113,0
DA:114,0
DA:115,0
DA:116,0
DA:117,0
DA:118,0
DA:119,0
DA:120,0
DA:121,1
DA:122,1
DA:123,1
DA:124,1
DA:125,1
DA:126,1
DA:127,0
DA:128,0
DA:129,0
DA:130,0
DA:131,0
DA:132,0
DA:133,1
DA:134,1
DA:135,1
DA:136,1
DA:137,1
DA:138,1
DA:139,1
DA:140,1
DA:141,1
DA:142,1
DA:143,1
DA:144,1
DA:145,1
DA:146,1
DA:147,0
DA:148,0
DA:149,0
DA:150,0
DA:151,0
DA:152,0
DA:153,0
DA:154,0
DA:155,0
DA:156,0
DA:157,0
DA:158,0
DA:159,1
DA:160,1
DA:161,1
DA:162,1
DA:163,1
DA:164,1
DA:165,1
DA:166,0
DA:167,0
DA:168,0
DA:169,0
DA:170,0
DA:171,0
DA:172,0
DA:173,0
DA:174,0
DA:175,0
DA:176,0
DA:177,0
DA:178,1
DA:179,1
DA:180,0
DA:181,0
DA:182,0
DA:183,0
DA:184,0
DA:185,0
DA:186,0
DA:187,0
DA:188,0
DA:189,0
DA:190,0
DA:191,0
DA:192,1
DA:193,1
DA:194,0
DA:195,0
DA:196,0
DA:197,0
DA:198,0
DA:199,0
DA:200,0
DA:201,0
DA:202,0
DA:203,0
DA:204,0
DA:205,0
DA:206,1
DA:207,1
DA:208,1
DA:209,1
DA:210,0
DA:211,0
DA:212,0
DA:213,0
DA:214,0
DA:215,1
DA:216,1
DA:217,0
DA:218,0
DA:219,0
DA:220,0
DA:221,0
DA:222,0
DA:223,0
DA:224,0
DA:225,1
DA:226,1
DA:227,0
DA:228,0
DA:229,0
DA:230,0
DA:231,0
DA:232,0
DA:233,0
DA:234,0
DA:235,0
LF:235
LH:91
BRDA:6,0,0,2
BRDA:7,1,0,1
BRDA:7,2,0,1
BRDA:7,3,0,1
BRDA:74,4,0,2
BRDA:76,5,0,2
BRDA:77,6,0,1
BRDA:78,7,0,0
BRDA:79,8,0,0
BRF:9
BRH:7
end_of_record
TN:
SF:src\utils\cookie.ts
FN:1,getCookie
FN:13,setCookie
FN:45,deleteCookie
FNF:3
FNH:3
FNDA:2,getCookie
FNDA:11,setCookie
FNDA:8,deleteCookie
DA:1,2
DA:2,2
DA:3,2
DA:4,2
DA:5,2
DA:6,2
DA:7,2
DA:8,2
DA:9,2
DA:10,2
DA:11,2
DA:12,1
DA:13,11
DA:14,11
DA:15,11
DA:16,11
DA:17,11
DA:18,11
DA:19,11
DA:20,11
DA:21,11
DA:22,11
DA:23,11
DA:24,11
DA:25,8
DA:26,8
DA:27,8
DA:28,8
DA:29,11
DA:30,11
DA:31,8
DA:32,8
DA:33,11
DA:34,11
DA:35,11
DA:36,19
DA:37,19
DA:38,19
DA:39,19
DA:40,19
DA:41,19
DA:42,11
DA:43,11
DA:44,1
DA:45,8
DA:46,8
DA:47,8
LF:47
LH:47
BRDA:1,0,0,2
BRDA:10,1,0,1
BRDA:10,2,0,1
BRDA:13,3,0,11
BRDA:16,4,0,3
BRDA:24,5,0,8
BRDA:24,6,0,8
BRDA:30,7,0,8
BRDA:30,8,0,8
BRDA:35,9,0,19
BRDA:45,10,0,8
BRF:11
BRH:11
end_of_record
